<?xml version="1.0" encoding="UTF-8"?>
<!-- Generated by org.testng.reporters.JUnitXMLReporter -->
<testsuite ignored="0" hostname="DESKTOP-NTJICA5" failures="0" tests="3" name="Default test" time="141.718" errors="0" timestamp="01 Apr 2020 12:33:49 GMT">
  <testcase classname="com.crm.qa.testcases.Verify_CreateNewContact" name="createNewAccount" time="10.359"/>
  <testcase classname="com.crm.qa.testcases.Verify_CreateNewContact" name="createNewAccount" time="11.542"/>
  <testcase classname="com.crm.qa.testcases.Verify_CreateNewContact" name="createNewAccount" time="11.181"/>
</testsuite> <!-- Default test -->
