<?xml version="1.0" encoding="UTF-8"?>
<testng-results ignored="0" total="3" passed="3" failed="0" skipped="0">
  <reporter-output>
  </reporter-output>
  <suite started-at="2020-04-01T12:31:27Z" name="Default suite" finished-at="2020-04-01T12:33:48Z" duration-ms="141718">
    <groups>
    </groups>
    <test started-at="2020-04-01T12:31:27Z" name="Default test" finished-at="2020-04-01T12:33:48Z" duration-ms="141718">
      <class name="com.crm.qa.testcases.Verify_CreateNewContact">
        <test-method is-config="true" signature="setup()[pri:0, instance:com.crm.qa.testcases.Verify_CreateNewContact@2e1d27ba]" started-at="2020-04-01T12:31:30Z" name="setup" finished-at="2020-04-01T12:32:04Z" duration-ms="34352" status="PASS">
          <reporter-output>
          </reporter-output>
        </test-method> <!-- setup -->
        <test-method signature="createNewAccount(java.lang.String, java.lang.String, java.lang.String)[pri:0, instance:com.crm.qa.testcases.Verify_CreateNewContact@2e1d27ba]" started-at="2020-04-01T12:32:04Z" name="createNewAccount" data-provider="getCRMTestData" finished-at="2020-04-01T12:32:14Z" duration-ms="10359" status="PASS">
          <params>
            <param index="0">
              <value>
                <![CDATA[akshay]]>
              </value>
            </param>
            <param index="1">
              <value>
                <![CDATA[khanna]]>
              </value>
            </param>
            <param index="2">
              <value>
                <![CDATA[khanna1@yopmail.com]]>
              </value>
            </param>
          </params>
          <reporter-output>
          </reporter-output>
        </test-method> <!-- createNewAccount -->
        <test-method is-config="true" signature="tearDown()[pri:0, instance:com.crm.qa.testcases.Verify_CreateNewContact@2e1d27ba]" started-at="2020-04-01T12:32:14Z" name="tearDown" finished-at="2020-04-01T12:32:14Z" duration-ms="0" status="PASS">
          <reporter-output>
          </reporter-output>
        </test-method> <!-- tearDown -->
        <test-method is-config="true" signature="setup()[pri:0, instance:com.crm.qa.testcases.Verify_CreateNewContact@2e1d27ba]" started-at="2020-04-01T12:32:14Z" name="setup" finished-at="2020-04-01T12:32:47Z" duration-ms="32335" status="PASS">
          <reporter-output>
          </reporter-output>
        </test-method> <!-- setup -->
        <test-method signature="createNewAccount(java.lang.String, java.lang.String, java.lang.String)[pri:0, instance:com.crm.qa.testcases.Verify_CreateNewContact@2e1d27ba]" started-at="2020-04-01T12:32:47Z" name="createNewAccount" data-provider="getCRMTestData" finished-at="2020-04-01T12:32:58Z" duration-ms="11542" status="PASS">
          <params>
            <param index="0">
              <value>
                <![CDATA[rajat]]>
              </value>
            </param>
            <param index="1">
              <value>
                <![CDATA[pathak]]>
              </value>
            </param>
            <param index="2">
              <value>
                <![CDATA[rajat1@yopmail.com]]>
              </value>
            </param>
          </params>
          <reporter-output>
          </reporter-output>
        </test-method> <!-- createNewAccount -->
        <test-method is-config="true" signature="tearDown()[pri:0, instance:com.crm.qa.testcases.Verify_CreateNewContact@2e1d27ba]" started-at="2020-04-01T12:32:58Z" name="tearDown" finished-at="2020-04-01T12:32:58Z" duration-ms="1" status="PASS">
          <reporter-output>
          </reporter-output>
        </test-method> <!-- tearDown -->
        <test-method is-config="true" signature="setup()[pri:0, instance:com.crm.qa.testcases.Verify_CreateNewContact@2e1d27ba]" started-at="2020-04-01T12:32:58Z" name="setup" finished-at="2020-04-01T12:33:37Z" duration-ms="38907" status="PASS">
          <reporter-output>
          </reporter-output>
        </test-method> <!-- setup -->
        <test-method signature="createNewAccount(java.lang.String, java.lang.String, java.lang.String)[pri:0, instance:com.crm.qa.testcases.Verify_CreateNewContact@2e1d27ba]" started-at="2020-04-01T12:33:37Z" name="createNewAccount" data-provider="getCRMTestData" finished-at="2020-04-01T12:33:48Z" duration-ms="11181" status="PASS">
          <params>
            <param index="0">
              <value>
                <![CDATA[Kanu]]>
              </value>
            </param>
            <param index="1">
              <value>
                <![CDATA[khanna]]>
              </value>
            </param>
            <param index="2">
              <value>
                <![CDATA[kanu1@yopmail.com]]>
              </value>
            </param>
          </params>
          <reporter-output>
          </reporter-output>
        </test-method> <!-- createNewAccount -->
        <test-method is-config="true" signature="tearDown()[pri:0, instance:com.crm.qa.testcases.Verify_CreateNewContact@2e1d27ba]" started-at="2020-04-01T12:33:48Z" name="tearDown" finished-at="2020-04-01T12:33:48Z" duration-ms="1" status="PASS">
          <reporter-output>
          </reporter-output>
        </test-method> <!-- tearDown -->
      </class> <!-- com.crm.qa.testcases.Verify_CreateNewContact -->
    </test> <!-- Default test -->
  </suite> <!-- Default suite -->
</testng-results>
