<?xml version="1.0" encoding="UTF-8"?>
<!-- Generated by org.testng.reporters.JUnitXMLReporter -->
<testsuite ignored="0" hostname="DESKTOP-NTJICA5" failures="0" tests="3" name="free crm application test cases" time="102.78" errors="0" timestamp="26 Mar 2020 15:48:48 GMT">
  <testcase classname="com.crm.qa.testcases.verifyLoginPageTest" name="verifyTitleTest" time="17.366"/>
  <testcase classname="com.crm.qa.testcases.verifyHomePageTest" name="verifyTitleTest" time="0.068"/>
  <testcase classname="com.crm.qa.testcases.verifyHomePageTest" name="verifyUserNameLabel" time="3.363"/>
</testsuite> <!-- free crm application test cases -->
